<?xml version="1.0" encoding="UTF-8"?>
<testng-results skipped="0" failed="0" ignored="0" total="1" passed="1">
  <reporter-output>
  </reporter-output>
  <suite name="Default suite" duration-ms="4170" started-at="2019-09-08T16:43:08Z" finished-at="2019-09-08T16:43:12Z">
    <groups>
    </groups>
    <test name="Default test" duration-ms="4170" started-at="2019-09-08T16:43:08Z" finished-at="2019-09-08T16:43:12Z">
      <class name="com.assured.RESTAssured1.App">
        <test-method status="PASS" signature="delete()[pri:0, instance:com.assured.RESTAssured1.App@28feb3fa]" name="delete" duration-ms="4118" started-at="2019-09-08T16:43:08Z" finished-at="2019-09-08T16:43:12Z">
          <reporter-output>
          </reporter-output>
        </test-method> <!-- delete -->
      </class> <!-- com.assured.RESTAssured1.App -->
    </test> <!-- Default test -->
  </suite> <!-- Default suite -->
</testng-results>
